Determining if the pthread_create exist failed with the following output:
Change Dir: /home/charbel/Projects/PCLtest/PCLtutorial/recognition/correspondanceGrouping/build/CMakeFiles/CMakeTmp

Run Build Command:"/usr/bin/make" "cmTC_e7b78/fast"
/usr/bin/make -f CMakeFiles/cmTC_e7b78.dir/build.make CMakeFiles/cmTC_e7b78.dir/build
make[1]: Entering directory '/home/charbel/Projects/PCLtest/PCLtutorial/recognition/correspondanceGrouping/build/CMakeFiles/CMakeTmp'
Building C object CMakeFiles/cmTC_e7b78.dir/CheckSymbolExists.c.o
/usr/bin/cc     -o CMakeFiles/cmTC_e7b78.dir/CheckSymbolExists.c.o   -c /home/charbel/Projects/PCLtest/PCLtutorial/recognition/correspondanceGrouping/build/CMakeFiles/CMakeTmp/CheckSymbolExists.c
Linking C executable cmTC_e7b78
/usr/bin/cmake -E cmake_link_script CMakeFiles/cmTC_e7b78.dir/link.txt --verbose=1
/usr/bin/cc       CMakeFiles/cmTC_e7b78.dir/CheckSymbolExists.c.o  -o cmTC_e7b78 -rdynamic 
CMakeFiles/cmTC_e7b78.dir/CheckSymbolExists.c.o: In function `main':
CheckSymbolExists.c:(.text+0x16): undefined reference to `pthread_create'
collect2: error: ld returned 1 exit status
CMakeFiles/cmTC_e7b78.dir/build.make:97: recipe for target 'cmTC_e7b78' failed
make[1]: *** [cmTC_e7b78] Error 1
make[1]: Leaving directory '/home/charbel/Projects/PCLtest/PCLtutorial/recognition/correspondanceGrouping/build/CMakeFiles/CMakeTmp'
Makefile:126: recipe for target 'cmTC_e7b78/fast' failed
make: *** [cmTC_e7b78/fast] Error 2

File /home/charbel/Projects/PCLtest/PCLtutorial/recognition/correspondanceGrouping/build/CMakeFiles/CMakeTmp/CheckSymbolExists.c:
/* */
#include <pthread.h>

int main(int argc, char** argv)
{
  (void)argv;
#ifndef pthread_create
  return ((int*)(&pthread_create))[argc];
#else
  (void)argc;
  return 0;
#endif
}

Determining if the function pthread_create exists in the pthreads failed with the following output:
Change Dir: /home/charbel/Projects/PCLtest/PCLtutorial/recognition/correspondanceGrouping/build/CMakeFiles/CMakeTmp

Run Build Command:"/usr/bin/make" "cmTC_cbcc5/fast"
/usr/bin/make -f CMakeFiles/cmTC_cbcc5.dir/build.make CMakeFiles/cmTC_cbcc5.dir/build
make[1]: Entering directory '/home/charbel/Projects/PCLtest/PCLtutorial/recognition/correspondanceGrouping/build/CMakeFiles/CMakeTmp'
Building C object CMakeFiles/cmTC_cbcc5.dir/CheckFunctionExists.c.o
/usr/bin/cc    -DCHECK_FUNCTION_EXISTS=pthread_create   -o CMakeFiles/cmTC_cbcc5.dir/CheckFunctionExists.c.o   -c /usr/share/cmake-3.5/Modules/CheckFunctionExists.c
Linking C executable cmTC_cbcc5
/usr/bin/cmake -E cmake_link_script CMakeFiles/cmTC_cbcc5.dir/link.txt --verbose=1
/usr/bin/cc   -DCHECK_FUNCTION_EXISTS=pthread_create    CMakeFiles/cmTC_cbcc5.dir/CheckFunctionExists.c.o  -o cmTC_cbcc5 -rdynamic -lpthreads 
/usr/bin/ld: cannot find -lpthreads
collect2: error: ld returned 1 exit status
CMakeFiles/cmTC_cbcc5.dir/build.make:97: recipe for target 'cmTC_cbcc5' failed
make[1]: *** [cmTC_cbcc5] Error 1
make[1]: Leaving directory '/home/charbel/Projects/PCLtest/PCLtutorial/recognition/correspondanceGrouping/build/CMakeFiles/CMakeTmp'
Makefile:126: recipe for target 'cmTC_cbcc5/fast' failed
make: *** [cmTC_cbcc5/fast] Error 2


