Determining if the pthread_create exist failed with the following output:
Change Dir: /home/charbel/Projects/PCLtest/PCLtutorial/randomSampleConsensusModel/build/CMakeFiles/CMakeTmp

Run Build Command:"/usr/bin/make" "cmTC_eaf51/fast"
/usr/bin/make -f CMakeFiles/cmTC_eaf51.dir/build.make CMakeFiles/cmTC_eaf51.dir/build
make[1]: Entering directory '/home/charbel/Projects/PCLtest/PCLtutorial/randomSampleConsensusModel/build/CMakeFiles/CMakeTmp'
Building C object CMakeFiles/cmTC_eaf51.dir/CheckSymbolExists.c.o
/usr/bin/cc     -o CMakeFiles/cmTC_eaf51.dir/CheckSymbolExists.c.o   -c /home/charbel/Projects/PCLtest/PCLtutorial/randomSampleConsensusModel/build/CMakeFiles/CMakeTmp/CheckSymbolExists.c
Linking C executable cmTC_eaf51
/usr/bin/cmake -E cmake_link_script CMakeFiles/cmTC_eaf51.dir/link.txt --verbose=1
/usr/bin/cc       CMakeFiles/cmTC_eaf51.dir/CheckSymbolExists.c.o  -o cmTC_eaf51 -rdynamic 
CMakeFiles/cmTC_eaf51.dir/CheckSymbolExists.c.o: In function `main':
CheckSymbolExists.c:(.text+0x16): undefined reference to `pthread_create'
collect2: error: ld returned 1 exit status
CMakeFiles/cmTC_eaf51.dir/build.make:97: recipe for target 'cmTC_eaf51' failed
make[1]: *** [cmTC_eaf51] Error 1
make[1]: Leaving directory '/home/charbel/Projects/PCLtest/PCLtutorial/randomSampleConsensusModel/build/CMakeFiles/CMakeTmp'
Makefile:126: recipe for target 'cmTC_eaf51/fast' failed
make: *** [cmTC_eaf51/fast] Error 2

File /home/charbel/Projects/PCLtest/PCLtutorial/randomSampleConsensusModel/build/CMakeFiles/CMakeTmp/CheckSymbolExists.c:
/* */
#include <pthread.h>

int main(int argc, char** argv)
{
  (void)argv;
#ifndef pthread_create
  return ((int*)(&pthread_create))[argc];
#else
  (void)argc;
  return 0;
#endif
}

Determining if the function pthread_create exists in the pthreads failed with the following output:
Change Dir: /home/charbel/Projects/PCLtest/PCLtutorial/randomSampleConsensusModel/build/CMakeFiles/CMakeTmp

Run Build Command:"/usr/bin/make" "cmTC_20e21/fast"
/usr/bin/make -f CMakeFiles/cmTC_20e21.dir/build.make CMakeFiles/cmTC_20e21.dir/build
make[1]: Entering directory '/home/charbel/Projects/PCLtest/PCLtutorial/randomSampleConsensusModel/build/CMakeFiles/CMakeTmp'
Building C object CMakeFiles/cmTC_20e21.dir/CheckFunctionExists.c.o
/usr/bin/cc    -DCHECK_FUNCTION_EXISTS=pthread_create   -o CMakeFiles/cmTC_20e21.dir/CheckFunctionExists.c.o   -c /usr/share/cmake-3.5/Modules/CheckFunctionExists.c
Linking C executable cmTC_20e21
/usr/bin/cmake -E cmake_link_script CMakeFiles/cmTC_20e21.dir/link.txt --verbose=1
/usr/bin/cc   -DCHECK_FUNCTION_EXISTS=pthread_create    CMakeFiles/cmTC_20e21.dir/CheckFunctionExists.c.o  -o cmTC_20e21 -rdynamic -lpthreads 
/usr/bin/ld: cannot find -lpthreads
collect2: error: ld returned 1 exit status
CMakeFiles/cmTC_20e21.dir/build.make:97: recipe for target 'cmTC_20e21' failed
make[1]: *** [cmTC_20e21] Error 1
make[1]: Leaving directory '/home/charbel/Projects/PCLtest/PCLtutorial/randomSampleConsensusModel/build/CMakeFiles/CMakeTmp'
Makefile:126: recipe for target 'cmTC_20e21/fast' failed
make: *** [cmTC_20e21/fast] Error 2


