Determining if the pthread_create exist failed with the following output:
Change Dir: /home/charbel/Projects/PCLtest/PCLtutorial/matching/pairwiseRegistration/build/CMakeFiles/CMakeTmp

Run Build Command:"/usr/bin/make" "cmTC_4cbfb/fast"
/usr/bin/make -f CMakeFiles/cmTC_4cbfb.dir/build.make CMakeFiles/cmTC_4cbfb.dir/build
make[1]: Entering directory '/home/charbel/Projects/PCLtest/PCLtutorial/matching/pairwiseRegistration/build/CMakeFiles/CMakeTmp'
Building C object CMakeFiles/cmTC_4cbfb.dir/CheckSymbolExists.c.o
/usr/bin/cc     -o CMakeFiles/cmTC_4cbfb.dir/CheckSymbolExists.c.o   -c /home/charbel/Projects/PCLtest/PCLtutorial/matching/pairwiseRegistration/build/CMakeFiles/CMakeTmp/CheckSymbolExists.c
Linking C executable cmTC_4cbfb
/usr/bin/cmake -E cmake_link_script CMakeFiles/cmTC_4cbfb.dir/link.txt --verbose=1
/usr/bin/cc       CMakeFiles/cmTC_4cbfb.dir/CheckSymbolExists.c.o  -o cmTC_4cbfb -rdynamic 
CMakeFiles/cmTC_4cbfb.dir/CheckSymbolExists.c.o: In function `main':
CheckSymbolExists.c:(.text+0x16): undefined reference to `pthread_create'
collect2: error: ld returned 1 exit status
CMakeFiles/cmTC_4cbfb.dir/build.make:97: recipe for target 'cmTC_4cbfb' failed
make[1]: *** [cmTC_4cbfb] Error 1
make[1]: Leaving directory '/home/charbel/Projects/PCLtest/PCLtutorial/matching/pairwiseRegistration/build/CMakeFiles/CMakeTmp'
Makefile:126: recipe for target 'cmTC_4cbfb/fast' failed
make: *** [cmTC_4cbfb/fast] Error 2

File /home/charbel/Projects/PCLtest/PCLtutorial/matching/pairwiseRegistration/build/CMakeFiles/CMakeTmp/CheckSymbolExists.c:
/* */
#include <pthread.h>

int main(int argc, char** argv)
{
  (void)argv;
#ifndef pthread_create
  return ((int*)(&pthread_create))[argc];
#else
  (void)argc;
  return 0;
#endif
}

Determining if the function pthread_create exists in the pthreads failed with the following output:
Change Dir: /home/charbel/Projects/PCLtest/PCLtutorial/matching/pairwiseRegistration/build/CMakeFiles/CMakeTmp

Run Build Command:"/usr/bin/make" "cmTC_04fe7/fast"
/usr/bin/make -f CMakeFiles/cmTC_04fe7.dir/build.make CMakeFiles/cmTC_04fe7.dir/build
make[1]: Entering directory '/home/charbel/Projects/PCLtest/PCLtutorial/matching/pairwiseRegistration/build/CMakeFiles/CMakeTmp'
Building C object CMakeFiles/cmTC_04fe7.dir/CheckFunctionExists.c.o
/usr/bin/cc    -DCHECK_FUNCTION_EXISTS=pthread_create   -o CMakeFiles/cmTC_04fe7.dir/CheckFunctionExists.c.o   -c /usr/share/cmake-3.5/Modules/CheckFunctionExists.c
Linking C executable cmTC_04fe7
/usr/bin/cmake -E cmake_link_script CMakeFiles/cmTC_04fe7.dir/link.txt --verbose=1
/usr/bin/cc   -DCHECK_FUNCTION_EXISTS=pthread_create    CMakeFiles/cmTC_04fe7.dir/CheckFunctionExists.c.o  -o cmTC_04fe7 -rdynamic -lpthreads 
/usr/bin/ld: cannot find -lpthreads
collect2: error: ld returned 1 exit status
CMakeFiles/cmTC_04fe7.dir/build.make:97: recipe for target 'cmTC_04fe7' failed
make[1]: *** [cmTC_04fe7] Error 1
make[1]: Leaving directory '/home/charbel/Projects/PCLtest/PCLtutorial/matching/pairwiseRegistration/build/CMakeFiles/CMakeTmp'
Makefile:126: recipe for target 'cmTC_04fe7/fast' failed
make: *** [cmTC_04fe7/fast] Error 2


